app/build/intermediates/manifest_merge_blame_file/debug/manifest-merger-blame-debug-report.txt
1<?xml version="1.0" encoding="utf-8"?>
2<manifest xmlns:android="http://schemas.android.com/apk/res/android"
3    package="com.example.mynav"
4    android:versionCode="1"
5    android:versionName="1.0" >
6
7    <uses-sdk
8        android:minSdkVersion="21"
8-->src/main/AndroidManifest.xml
9        android:targetSdkVersion="29" />
9-->src/main/AndroidManifest.xml
10
11    <uses-permission android:name="android.permission.CAMERA" />
11-->src/main/AndroidManifest.xml:5:1-77
11-->src/main/AndroidManifest.xml:5:18-58
12    <uses-permission android:name="android.permission.RECORD_AUDIO" />
12-->src/main/AndroidManifest.xml:6:5-87
12-->src/main/AndroidManifest.xml:6:22-68
13
14    <queries>
14-->src/main/AndroidManifest.xml:40:5-44:15
15        <intent>
15-->src/main/AndroidManifest.xml:41:9-43:18
16            <action android:name="android.intent.action.TextTOSpeech.Engine.INTENT_ACTION_TTS_SERVICE" />
16-->src/main/AndroidManifest.xml:42:13-106
16-->src/main/AndroidManifest.xml:42:21-103
17        </intent>
18    </queries>
19
20    <!-- Although the *SdkVersion is captured in gradle build files, this is required for non gradle builds -->
21    <!-- <uses-sdk android:minSdkVersion="14"/> -->
22    <uses-permission android:name="android.permission.ACCESS_NETWORK_STATE" />
22-->[com.google.android.datatransport:transport-backend-cct:2.3.2] AndroidManifest.xml:25:5-79
22-->[com.google.android.datatransport:transport-backend-cct:2.3.2] AndroidManifest.xml:25:22-76
23    <uses-permission android:name="android.permission.INTERNET" />
23-->[com.google.android.datatransport:transport-backend-cct:2.3.2] AndroidManifest.xml:26:5-67
23-->[com.google.android.datatransport:transport-backend-cct:2.3.2] AndroidManifest.xml:26:22-64
24
25    <application
25-->src/main/AndroidManifest.xml:7:5-39:19
26        android:allowBackup="true"
26-->src/main/AndroidManifest.xml:8:9-35
27        android:appComponentFactory="androidx.core.app.CoreComponentFactory"
27-->[androidx.core:core:1.3.2] AndroidManifest.xml:24:18-86
28        android:debuggable="true"
29        android:icon="@mipmap/ic_launcher"
29-->src/main/AndroidManifest.xml:9:9-43
30        android:label="@string/app_name"
30-->src/main/AndroidManifest.xml:10:9-41
31        android:roundIcon="@mipmap/ic_launcher_round"
31-->src/main/AndroidManifest.xml:11:9-54
32        android:supportsRtl="true"
32-->src/main/AndroidManifest.xml:12:9-35
33        android:testOnly="true"
34        android:theme="@style/AppTheme" >
34-->src/main/AndroidManifest.xml:13:9-40
35        <activity android:name="com.example.mynav.ObjectDetection" />
35-->src/main/AndroidManifest.xml:14:9-62
35-->src/main/AndroidManifest.xml:14:19-50
36        <activity
36-->src/main/AndroidManifest.xml:15:9-24:20
37            android:name="com.example.mynav.SplashScreen"
37-->src/main/AndroidManifest.xml:16:13-41
38            android:label="@string/app_name"
38-->src/main/AndroidManifest.xml:17:13-45
39            android:theme="@style/AppTheme.NoActionBar" >
39-->src/main/AndroidManifest.xml:18:13-56
40            <intent-filter>
40-->src/main/AndroidManifest.xml:19:13-23:29
41                <action android:name="android.intent.action.MAIN" />
41-->src/main/AndroidManifest.xml:20:17-69
41-->src/main/AndroidManifest.xml:20:25-66
42
43                <category android:name="android.intent.category.LAUNCHER" />
43-->src/main/AndroidManifest.xml:22:17-77
43-->src/main/AndroidManifest.xml:22:27-74
44            </intent-filter>
45        </activity>
46        <activity
46-->src/main/AndroidManifest.xml:25:9-34:20
47            android:name="com.example.mynav.MainActivity"
47-->src/main/AndroidManifest.xml:26:13-41
48            android:label="@string/app_name"
48-->src/main/AndroidManifest.xml:27:13-45
49            android:theme="@style/AppTheme.NoActionBar" >
49-->src/main/AndroidManifest.xml:28:13-56
50            <intent-filter>
50-->src/main/AndroidManifest.xml:19:13-23:29
51                <action android:name="android.intent.action.MAIN" />
51-->src/main/AndroidManifest.xml:20:17-69
51-->src/main/AndroidManifest.xml:20:25-66
52
53                <category android:name="android.intent.category.LAUNCHER" />
53-->src/main/AndroidManifest.xml:22:17-77
53-->src/main/AndroidManifest.xml:22:27-74
54            </intent-filter>
55        </activity>
56
57        <meta-data
57-->src/main/AndroidManifest.xml:36:9-38:57
58            android:name="preloaded_fonts"
58-->src/main/AndroidManifest.xml:37:13-43
59            android:resource="@array/preloaded_fonts" />
59-->src/main/AndroidManifest.xml:38:13-54
60
61        <service
61-->[com.google.mlkit:object-detection-custom:16.3.1] AndroidManifest.xml:8:9-14:19
62            android:name="com.google.mlkit.common.internal.MlKitComponentDiscoveryService"
62-->[com.google.mlkit:object-detection-custom:16.3.1] AndroidManifest.xml:9:13-91
63            android:directBootAware="true"
63-->[com.google.mlkit:common:17.1.1] AndroidManifest.xml:17:13-43
64            android:exported="false" >
64-->[com.google.mlkit:object-detection-custom:16.3.1] AndroidManifest.xml:10:13-37
65            <meta-data
65-->[com.google.mlkit:object-detection-custom:16.3.1] AndroidManifest.xml:11:13-13:85
66                android:name="com.google.firebase.components:com.google.mlkit.vision.objects.custom.internal.CustomObjectsRegistrar"
66-->[com.google.mlkit:object-detection-custom:16.3.1] AndroidManifest.xml:12:17-133
67                android:value="com.google.firebase.components.ComponentRegistrar" />
67-->[com.google.mlkit:object-detection-custom:16.3.1] AndroidManifest.xml:13:17-82
68            <meta-data
68-->[com.google.mlkit:vision-internal-vkp:18.0.0] AndroidManifest.xml:11:13-13:85
69                android:name="com.google.firebase.components:com.google.mlkit.vision.vkp.VkpRegistrar"
69-->[com.google.mlkit:vision-internal-vkp:18.0.0] AndroidManifest.xml:12:17-103
70                android:value="com.google.firebase.components.ComponentRegistrar" />
70-->[com.google.mlkit:vision-internal-vkp:18.0.0] AndroidManifest.xml:13:17-82
71            <meta-data
71-->[com.google.mlkit:vision-common:16.3.0] AndroidManifest.xml:12:13-14:85
72                android:name="com.google.firebase.components:com.google.mlkit.vision.common.internal.VisionCommonRegistrar"
72-->[com.google.mlkit:vision-common:16.3.0] AndroidManifest.xml:13:17-124
73                android:value="com.google.firebase.components.ComponentRegistrar" />
73-->[com.google.mlkit:vision-common:16.3.0] AndroidManifest.xml:14:17-82
74            <meta-data
74-->[com.google.mlkit:common:17.1.1] AndroidManifest.xml:20:13-22:85
75                android:name="com.google.firebase.components:com.google.mlkit.common.internal.CommonComponentRegistrar"
75-->[com.google.mlkit:common:17.1.1] AndroidManifest.xml:21:17-120
76                android:value="com.google.firebase.components.ComponentRegistrar" />
76-->[com.google.mlkit:common:17.1.1] AndroidManifest.xml:22:17-82
77        </service>
78
79        <provider
79-->[com.google.mlkit:common:17.1.1] AndroidManifest.xml:9:9-13:38
80            android:name="com.google.mlkit.common.internal.MlKitInitProvider"
80-->[com.google.mlkit:common:17.1.1] AndroidManifest.xml:10:13-78
81            android:authorities="com.example.mynav.mlkitinitprovider"
81-->[com.google.mlkit:common:17.1.1] AndroidManifest.xml:11:13-69
82            android:exported="false"
82-->[com.google.mlkit:common:17.1.1] AndroidManifest.xml:12:13-37
83            android:initOrder="99" />
83-->[com.google.mlkit:common:17.1.1] AndroidManifest.xml:13:13-35
84
85        <activity
85-->[com.google.android.gms:play-services-base:17.4.0] AndroidManifest.xml:23:9-26:75
86            android:name="com.google.android.gms.common.api.GoogleApiActivity"
86-->[com.google.android.gms:play-services-base:17.4.0] AndroidManifest.xml:24:13-79
87            android:exported="false"
87-->[com.google.android.gms:play-services-base:17.4.0] AndroidManifest.xml:25:13-37
88            android:theme="@android:style/Theme.Translucent.NoTitleBar" />
88-->[com.google.android.gms:play-services-base:17.4.0] AndroidManifest.xml:26:13-72
89
90        <meta-data
90-->[com.google.android.gms:play-services-basement:17.4.0] AndroidManifest.xml:23:9-25:69
91            android:name="com.google.android.gms.version"
91-->[com.google.android.gms:play-services-basement:17.4.0] AndroidManifest.xml:24:13-58
92            android:value="@integer/google_play_services_version" />
92-->[com.google.android.gms:play-services-basement:17.4.0] AndroidManifest.xml:25:13-66
93
94        <provider
94-->[androidx.lifecycle:lifecycle-process:2.2.0] AndroidManifest.xml:25:9-29:43
95            android:name="androidx.lifecycle.ProcessLifecycleOwnerInitializer"
95-->[androidx.lifecycle:lifecycle-process:2.2.0] AndroidManifest.xml:26:13-79
96            android:authorities="com.example.mynav.lifecycle-process"
96-->[androidx.lifecycle:lifecycle-process:2.2.0] AndroidManifest.xml:27:13-69
97            android:exported="false"
97-->[androidx.lifecycle:lifecycle-process:2.2.0] AndroidManifest.xml:28:13-37
98            android:multiprocess="true" />
98-->[androidx.lifecycle:lifecycle-process:2.2.0] AndroidManifest.xml:29:13-40
99
100        <service
100-->[com.google.android.datatransport:transport-backend-cct:2.3.2] AndroidManifest.xml:29:9-35:19
101            android:name="com.google.android.datatransport.runtime.backends.TransportBackendDiscovery"
101-->[com.google.android.datatransport:transport-backend-cct:2.3.2] AndroidManifest.xml:30:13-103
102            android:exported="false" >
102-->[com.google.android.datatransport:transport-backend-cct:2.3.2] AndroidManifest.xml:31:13-37
103            <meta-data
103-->[com.google.android.datatransport:transport-backend-cct:2.3.2] AndroidManifest.xml:32:13-34:39
104                android:name="backend:com.google.android.datatransport.cct.CctBackendFactory"
104-->[com.google.android.datatransport:transport-backend-cct:2.3.2] AndroidManifest.xml:33:17-94
105                android:value="cct" />
105-->[com.google.android.datatransport:transport-backend-cct:2.3.2] AndroidManifest.xml:34:17-36
106        </service>
107        <service
107-->[com.google.android.datatransport:transport-runtime:2.2.5] AndroidManifest.xml:26:9-30:19
108            android:name="com.google.android.datatransport.runtime.scheduling.jobscheduling.JobInfoSchedulerService"
108-->[com.google.android.datatransport:transport-runtime:2.2.5] AndroidManifest.xml:27:13-117
109            android:exported="false"
109-->[com.google.android.datatransport:transport-runtime:2.2.5] AndroidManifest.xml:28:13-37
110            android:permission="android.permission.BIND_JOB_SERVICE" >
110-->[com.google.android.datatransport:transport-runtime:2.2.5] AndroidManifest.xml:29:13-69
111        </service>
112
113        <receiver
113-->[com.google.android.datatransport:transport-runtime:2.2.5] AndroidManifest.xml:32:9-34:40
114            android:name="com.google.android.datatransport.runtime.scheduling.jobscheduling.AlarmManagerSchedulerBroadcastReceiver"
114-->[com.google.android.datatransport:transport-runtime:2.2.5] AndroidManifest.xml:33:13-132
115            android:exported="false" />
115-->[com.google.android.datatransport:transport-runtime:2.2.5] AndroidManifest.xml:34:13-37
116    </application>
117
118</manifest>